#  emapper-2.1.12
# emapper.py  --cpu 20 --mp_start_method forkserver --data_dir /dev/shm/ -o out --output_dir /emapper_web_jobs/emapper_jobs/user_data/MM_t1am52jr --temp_dir /emapper_web_jobs/emapper_jobs/user_data/MM_t1am52jr --override -m diamond --dmnd_ignore_warnings -i /emapper_web_jobs/emapper_jobs/user_data/MM_t1am52jr/queries.fasta --evalue 0.001 --score 60 --pident 40 --query_cover 20 --subject_cover 20 --itype proteins --tax_scope auto --target_orthologs all --go_evidence non-electronic --pfam_realign denovo --num_servers 2 --report_orthologs --decorate_gff yes --excel
[1;33m  /data/shared/home/emapper/miniconda3/envs/eggnog-mapper-2.1/lib/python3.7/site-packages/eggnogmapper/bin/diamond blastp -d '/dev/shm/eggnog_proteins.dmnd' -q '/emapper_web_jobs/emapper_jobs/user_data/MM_t1am52jr/queries.fasta' --threads 20 -o '/emapper_web_jobs/emapper_jobs/user_data/MM_t1am52jr/out.emapper.hits' --tmpdir '/emapper_web_jobs/emapper_jobs/user_data/MM_t1am52jr/emappertmp_dmdn_xbefx9sz' --sensitive --iterate --ignore-warnings -e 0.001 --min-score 60.0 --id 40.0 --query-cover 20.0 --subject-cover 20.0 --top 3  --outfmt 6 qseqid sseqid pident length mismatch gapopen qstart qend sstart send evalue bitscore qcovhsp scovhsp[0m
[1;32mDe novo scan of PFAM domains[0m
CREATED ESL_REFORMAT DB. USING HMMSEARCH
Namespace(Z=40000000, call_info='## Mon Oct  7 03:41:51 2024\n## emapper-2.1.12\n## /data/shared/home/emapper/miniconda3/envs/eggnog-mapper-2.1/bin/emapper.py --cpu 20 --mp_start_method forkserver --data_dir /dev/shm/ -o out --output_dir /emapper_web_jobs/emapper_jobs/user_data/MM_t1am52jr --temp_dir /emapper_web_jobs/emapper_jobs/user_data/MM_t1am52jr --override -m diamond --dmnd_ignore_warnings -i /emapper_web_jobs/emapper_jobs/user_data/MM_t1am52jr/queries.fasta --evalue 0.001 --score 60 --pident 40 --query_cover 20 --subject_cover 20 --itype proteins --tax_scope auto --target_orthologs all --go_evidence non-electronic --pfam_realign denovo --num_servers 2 --report_orthologs --decorate_gff yes --excel\n##', clean_overlaps='hmmsearch_clans', cpu=20, cpus_per_worker=10, cut_ga=True, db='/emapper_web_jobs/emapper_jobs/user_data/MM_t1am52jr/tmpld76o42z', dbtype='seqdb', end_port=53200, evalue=1e-10, excluded_taxa=None, maxhits=0, maxseqlen=None, no_file_comments=False, num_servers=2, num_workers=1, port=51700, qcov=0, qtype='hmm', report_no_hits=False, resume=False, scan_type='mem', score=None, servers_list=None, temp_dir='/emapper_web_jobs/emapper_jobs/user_data/MM_t1am52jr', timeout_load_server=10, trans_table=None, translate=False, usemem=True)
[32mDone[0m
[1;33mResult files:[0m
   /emapper_web_jobs/emapper_jobs/user_data/MM_t1am52jr/out.emapper.decorated.gff
   /emapper_web_jobs/emapper_jobs/user_data/MM_t1am52jr/out.emapper.hits
   /emapper_web_jobs/emapper_jobs/user_data/MM_t1am52jr/out.emapper.seed_orthologs
   /emapper_web_jobs/emapper_jobs/user_data/MM_t1am52jr/out.emapper.annotations
   /emapper_web_jobs/emapper_jobs/user_data/MM_t1am52jr/out.emapper.pfam
   /emapper_web_jobs/emapper_jobs/user_data/MM_t1am52jr/out.emapper.annotations.xlsx
   /emapper_web_jobs/emapper_jobs/user_data/MM_t1am52jr/out.emapper.orthologs

================================================================================
CITATION:
If you use this software, please cite:

[1] eggNOG-mapper v2: functional annotation, orthology assignments, and domain 
      prediction at the metagenomic scale. Carlos P. Cantalapiedra, 
      Ana Hernandez-Plaza, Ivica Letunic, Peer Bork, Jaime Huerta-Cepas. 2021.
      Molecular Biology and Evolution, msab293, https://doi.org/10.1093/molbev/msab293

[2] eggNOG 5.0: a hierarchical, functionally and phylogenetically annotated
      orthology resource based on 5090 organisms and 2502 viruses. Jaime
      Huerta-Cepas, Damian Szklarczyk, Davide Heller, Ana Hernandez-Plaza,
      Sofia K Forslund, Helen Cook, Daniel R Mende, Ivica Letunic, Thomas
      Rattei, Lars J Jensen, Christian von Mering and Peer Bork. Nucleic Acids
      Research, Volume 47, Issue D1, 8 January 2019, Pages D309-D314,
      https://doi.org/10.1093/nar/gky1085 

[3] Sensitive protein alignments at tree-of-life scale using DIAMOND.
       Buchfink B, Reuter K, Drost HG. 2021.
       Nature Methods 18, 366–368 (2021). https://doi.org/10.1038/s41592-021-01101-x

e.g. Functional annotation was performed using eggNOG-mapper (version emapper-2.1.12) [1]
 based on eggNOG orthology data [2]. Sequence searches were performed using [3].

================================================================================

Total hits processed: 35614
Total time: 2809 secs
FINISHED
